Order_app_android_studio_build/Order/app/build/outputs/apk/manifest-merger-debug-report.txt
-- Merging decision tree log ---
manifest
ADDED from AndroidManifest.xml:2:1
	xmlns:android
		ADDED from AndroidManifest.xml:2:11
	package
		ADDED from AndroidManifest.xml:3:5
		INJECTED from AndroidManifest.xml:0:0
		INJECTED from AndroidManifest.xml:0:0
	android:versionName
		ADDED from AndroidManifest.xml:5:5
	android:versionCode
		ADDED from AndroidManifest.xml:4:5
		INJECTED from AndroidManifest.xml:0:0
		INJECTED from AndroidManifest.xml:0:0
uses-sdk
ADDED from AndroidManifest.xml:7:5
MERGED from com.android.support:appcompat-v7:20.0.0:16:5
MERGED from com.android.support:support-v4:20.0.0:16:5
MERGED from com.android.support:support-v4:20.0.0:16:5
	android:targetSdkVersion
		ADDED from AndroidManifest.xml:9:9
		INJECTED from AndroidManifest.xml:0:0
		INJECTED from AndroidManifest.xml:0:0
	android:minSdkVersion
		ADDED from AndroidManifest.xml:8:9
		INJECTED from AndroidManifest.xml:0:0
		INJECTED from AndroidManifest.xml:0:0
application
ADDED from AndroidManifest.xml:11:5
MERGED from com.android.support:appcompat-v7:20.0.0:17:5
MERGED from com.android.support:support-v4:20.0.0:17:5
MERGED from com.android.support:support-v4:20.0.0:17:5
	android:label
		ADDED from AndroidManifest.xml:14:9
	android:allowBackup
		ADDED from AndroidManifest.xml:12:9
	android:icon
		ADDED from AndroidManifest.xml:13:9
	android:theme
		ADDED from AndroidManifest.xml:15:9
activity#com.example.order.MainActivity
ADDED from AndroidManifest.xml:16:9
	android:label
		ADDED from AndroidManifest.xml:18:13
	android:name
		ADDED from AndroidManifest.xml:17:13
activity#com.example.order.AllProductsActivity
ADDED from AndroidManifest.xml:23:9
	android:label
		ADDED from AndroidManifest.xml:25:13
	android:name
		ADDED from AndroidManifest.xml:24:13
activity#com.example.order.NewProductActivity
ADDED from AndroidManifest.xml:29:9
	android:label
		ADDED from AndroidManifest.xml:31:13
	android:name
		ADDED from AndroidManifest.xml:30:13
activity#com.example.order.PlaceOrder
ADDED from AndroidManifest.xml:33:9
	android:label
		ADDED from AndroidManifest.xml:35:13
	android:name
		ADDED from AndroidManifest.xml:34:13
activity#com.example.order.EditProductActivity
ADDED from AndroidManifest.xml:39:9
	android:label
		ADDED from AndroidManifest.xml:41:13
	android:name
		ADDED from AndroidManifest.xml:40:13
activity#com.example.order.Login
ADDED from AndroidManifest.xml:44:9
	android:label
		ADDED from AndroidManifest.xml:45:13
	android:name
		ADDED from AndroidManifest.xml:46:13
intent-filter#android.intent.action.MAIN+android.intent.category.LAUNCHER
ADDED from AndroidManifest.xml:48:13
action#android.intent.action.MAIN
ADDED from AndroidManifest.xml:49:17
	android:name
		ADDED from AndroidManifest.xml:49:25
category#android.intent.category.LAUNCHER
ADDED from AndroidManifest.xml:51:17
	android:name
		ADDED from AndroidManifest.xml:51:27
activity#com.example.order.Register
ADDED from AndroidManifest.xml:58:9
	android:label
		ADDED from AndroidManifest.xml:59:13
	android:name
		ADDED from AndroidManifest.xml:60:13
activity#com.example.order.ViewOrders
ADDED from AndroidManifest.xml:61:9
	android:label
		ADDED from AndroidManifest.xml:62:13
	android:name
		ADDED from AndroidManifest.xml:63:13
activity#com.example.order.ViewOrderFeedback
ADDED from AndroidManifest.xml:64:8
	android:label
		ADDED from AndroidManifest.xml:65:13
	android:name
		ADDED from AndroidManifest.xml:66:13
uses-permission#android.permission.INTERNET
ADDED from AndroidManifest.xml:71:5
	android:name
		ADDED from AndroidManifest.xml:71:22